  [1m[35m (432.7ms)[0m  [1m[35mCREATE DATABASE "pokedex_app_development" ENCODING = 'unicode'[0m
  ↳ bin/rails:9
  [1m[35m (331.0ms)[0m  [1m[35mCREATE DATABASE "pokedex_app_test" ENCODING = 'unicode'[0m
  ↳ bin/rails:9
  [1m[35m (11.4ms)[0m  [1m[35mCREATE TABLE "schema_migrations" ("version" character varying NOT NULL PRIMARY KEY)[0m
  ↳ bin/rails:9
  [1m[35m (4.5ms)[0m  [1m[35mCREATE TABLE "ar_internal_metadata" ("key" character varying NOT NULL PRIMARY KEY, "value" character varying, "created_at" timestamp NOT NULL, "updated_at" timestamp NOT NULL)[0m
  ↳ bin/rails:9
  [1m[35m (0.6ms)[0m  [1m[34mSELECT pg_try_advisory_lock(7471616722998446445)[0m
  ↳ bin/rails:9
  [1m[35m (0.5ms)[0m  [1m[34mSELECT "schema_migrations"."version" FROM "schema_migrations" ORDER BY "schema_migrations"."version" ASC[0m
  ↳ bin/rails:9
Migrating to CreatePokemons (20180502234357)
  [1m[35m (0.2ms)[0m  [1m[35mBEGIN[0m
  ↳ bin/rails:9
  [1m[35m (8.1ms)[0m  [1m[35mCREATE TABLE "pokemons" ("id" bigserial primary key, "species" character varying, "nickname" character varying, "level" integer, "created_at" timestamp NOT NULL, "updated_at" timestamp NOT NULL)[0m
  ↳ db/migrate/20180502234357_create_pokemons.rb:3
  [1m[36mActiveRecord::SchemaMigration Create (1.8ms)[0m  [1m[32mINSERT INTO "schema_migrations" ("version") VALUES ($1) RETURNING "version"[0m  [["version", "20180502234357"]]
  ↳ bin/rails:9
  [1m[35m (0.6ms)[0m  [1m[35mCOMMIT[0m
  ↳ bin/rails:9
  [1m[36mActiveRecord::InternalMetadata Load (0.4ms)[0m  [1m[34mSELECT  "ar_internal_metadata".* FROM "ar_internal_metadata" WHERE "ar_internal_metadata"."key" = $1 LIMIT $2[0m  [["key", "environment"], ["LIMIT", 1]]
  ↳ bin/rails:9
  [1m[35m (0.2ms)[0m  [1m[35mBEGIN[0m
  ↳ bin/rails:9
  [1m[36mActiveRecord::InternalMetadata Create (1.4ms)[0m  [1m[32mINSERT INTO "ar_internal_metadata" ("key", "value", "created_at", "updated_at") VALUES ($1, $2, $3, $4) RETURNING "key"[0m  [["key", "environment"], ["value", "development"], ["created_at", "2018-05-02 23:45:14.057881"], ["updated_at", "2018-05-02 23:45:14.057881"]]
  ↳ bin/rails:9
  [1m[35m (0.5ms)[0m  [1m[35mCOMMIT[0m
  ↳ bin/rails:9
  [1m[35m (0.2ms)[0m  [1m[34mSELECT pg_advisory_unlock(7471616722998446445)[0m
  ↳ bin/rails:9
  [1m[35m (0.4ms)[0m  [1m[34mSELECT "schema_migrations"."version" FROM "schema_migrations" ORDER BY "schema_migrations"."version" ASC[0m
  ↳ bin/rails:9
Started GET "/" for 127.0.0.1 at 2018-05-03 09:56:32 +1000
  [1m[35m (0.7ms)[0m  [1m[34mSELECT "schema_migrations"."version" FROM "schema_migrations" ORDER BY "schema_migrations"."version" ASC[0m
  ↳ /Users/michael/.rvm/gems/ruby-2.4.1/gems/activerecord-5.2.0/lib/active_record/log_subscriber.rb:98
Processing by Rails::WelcomeController#index as HTML
  Rendering /Users/michael/.rvm/gems/ruby-2.4.1/gems/railties-5.2.0/lib/rails/templates/rails/welcome/index.html.erb
  Rendered /Users/michael/.rvm/gems/ruby-2.4.1/gems/railties-5.2.0/lib/rails/templates/rails/welcome/index.html.erb (2.9ms)
Completed 200 OK in 28ms (Views: 9.6ms | ActiveRecord: 0.0ms)


Started GET "/pokemons" for 127.0.0.1 at 2018-05-03 09:56:38 +1000
Processing by PokemonsController#index as HTML
  Rendering pokemons/index.html.erb within layouts/application
  Rendered pokemons/index.html.erb within layouts/application (0.2ms)
Completed 200 OK in 348ms (Views: 345.3ms | ActiveRecord: 0.0ms)


Started GET "/'/pokemons/new'" for 127.0.0.1 at 2018-05-03 09:56:40 +1000
  
ActionController::RoutingError (No route matches [GET] "/'/pokemons/new'"):
  
actionpack (5.2.0) lib/action_dispatch/middleware/debug_exceptions.rb:65:in `call'
web-console (3.6.2) lib/web_console/middleware.rb:135:in `call_app'
web-console (3.6.2) lib/web_console/middleware.rb:30:in `block in call'
web-console (3.6.2) lib/web_console/middleware.rb:20:in `catch'
web-console (3.6.2) lib/web_console/middleware.rb:20:in `call'
actionpack (5.2.0) lib/action_dispatch/middleware/show_exceptions.rb:33:in `call'
railties (5.2.0) lib/rails/rack/logger.rb:38:in `call_app'
railties (5.2.0) lib/rails/rack/logger.rb:26:in `block in call'
activesupport (5.2.0) lib/active_support/tagged_logging.rb:71:in `block in tagged'
activesupport (5.2.0) lib/active_support/tagged_logging.rb:28:in `tagged'
activesupport (5.2.0) lib/active_support/tagged_logging.rb:71:in `tagged'
railties (5.2.0) lib/rails/rack/logger.rb:26:in `call'
sprockets-rails (3.2.1) lib/sprockets/rails/quiet_assets.rb:13:in `call'
actionpack (5.2.0) lib/action_dispatch/middleware/remote_ip.rb:81:in `call'
actionpack (5.2.0) lib/action_dispatch/middleware/request_id.rb:27:in `call'
rack (2.0.5) lib/rack/method_override.rb:22:in `call'
rack (2.0.5) lib/rack/runtime.rb:22:in `call'
activesupport (5.2.0) lib/active_support/cache/strategy/local_cache_middleware.rb:29:in `call'
actionpack (5.2.0) lib/action_dispatch/middleware/executor.rb:14:in `call'
actionpack (5.2.0) lib/action_dispatch/middleware/static.rb:127:in `call'
rack (2.0.5) lib/rack/sendfile.rb:111:in `call'
railties (5.2.0) lib/rails/engine.rb:524:in `call'
puma (3.11.4) lib/puma/configuration.rb:225:in `call'
puma (3.11.4) lib/puma/server.rb:632:in `handle_request'
puma (3.11.4) lib/puma/server.rb:446:in `process_client'
puma (3.11.4) lib/puma/server.rb:306:in `block in run'
puma (3.11.4) lib/puma/thread_pool.rb:120:in `block in spawn_thread'
Started GET "/'/pokemons/new'" for 127.0.0.1 at 2018-05-03 09:56:59 +1000
  
ActionController::RoutingError (No route matches [GET] "/'/pokemons/new'"):
  
actionpack (5.2.0) lib/action_dispatch/middleware/debug_exceptions.rb:65:in `call'
web-console (3.6.2) lib/web_console/middleware.rb:135:in `call_app'
web-console (3.6.2) lib/web_console/middleware.rb:30:in `block in call'
web-console (3.6.2) lib/web_console/middleware.rb:20:in `catch'
web-console (3.6.2) lib/web_console/middleware.rb:20:in `call'
actionpack (5.2.0) lib/action_dispatch/middleware/show_exceptions.rb:33:in `call'
railties (5.2.0) lib/rails/rack/logger.rb:38:in `call_app'
railties (5.2.0) lib/rails/rack/logger.rb:26:in `block in call'
activesupport (5.2.0) lib/active_support/tagged_logging.rb:71:in `block in tagged'
activesupport (5.2.0) lib/active_support/tagged_logging.rb:28:in `tagged'
activesupport (5.2.0) lib/active_support/tagged_logging.rb:71:in `tagged'
railties (5.2.0) lib/rails/rack/logger.rb:26:in `call'
sprockets-rails (3.2.1) lib/sprockets/rails/quiet_assets.rb:13:in `call'
actionpack (5.2.0) lib/action_dispatch/middleware/remote_ip.rb:81:in `call'
actionpack (5.2.0) lib/action_dispatch/middleware/request_id.rb:27:in `call'
rack (2.0.5) lib/rack/method_override.rb:22:in `call'
rack (2.0.5) lib/rack/runtime.rb:22:in `call'
activesupport (5.2.0) lib/active_support/cache/strategy/local_cache_middleware.rb:29:in `call'
actionpack (5.2.0) lib/action_dispatch/middleware/executor.rb:14:in `call'
actionpack (5.2.0) lib/action_dispatch/middleware/static.rb:127:in `call'
rack (2.0.5) lib/rack/sendfile.rb:111:in `call'
railties (5.2.0) lib/rails/engine.rb:524:in `call'
puma (3.11.4) lib/puma/configuration.rb:225:in `call'
puma (3.11.4) lib/puma/server.rb:632:in `handle_request'
puma (3.11.4) lib/puma/server.rb:446:in `process_client'
puma (3.11.4) lib/puma/server.rb:306:in `block in run'
puma (3.11.4) lib/puma/thread_pool.rb:120:in `block in spawn_thread'
Started GET "/pokemons" for 127.0.0.1 at 2018-05-03 09:57:06 +1000
Processing by PokemonsController#index as HTML
  Rendering pokemons/index.html.erb within layouts/application
  Rendered pokemons/index.html.erb within layouts/application (0.2ms)
Completed 200 OK in 26ms (Views: 24.0ms | ActiveRecord: 0.0ms)


Started GET "/pokemons/new" for 127.0.0.1 at 2018-05-03 09:57:07 +1000
Processing by PokemonsController#new as HTML
  Rendering pokemons/new.html.erb within layouts/application
  Rendered pokemons/new.html.erb within layouts/application (0.5ms)
Completed 200 OK in 28ms (Views: 24.5ms | ActiveRecord: 0.0ms)


Started GET "/pokemons/new" for 127.0.0.1 at 2018-05-03 10:01:01 +1000
Processing by PokemonsController#new as HTML
  Rendering pokemons/new.html.erb within layouts/application
  Rendered pokemons/new.html.erb within layouts/application (0.3ms)
Completed 200 OK in 35ms (Views: 33.1ms | ActiveRecord: 0.0ms)


  
ActionController::RoutingError (No route matches [GET] "/assets/images/logo.png"):
  
actionpack (5.2.0) lib/action_dispatch/middleware/debug_exceptions.rb:65:in `call'
web-console (3.6.2) lib/web_console/middleware.rb:135:in `call_app'
web-console (3.6.2) lib/web_console/middleware.rb:30:in `block in call'
web-console (3.6.2) lib/web_console/middleware.rb:20:in `catch'
web-console (3.6.2) lib/web_console/middleware.rb:20:in `call'
actionpack (5.2.0) lib/action_dispatch/middleware/show_exceptions.rb:33:in `call'
railties (5.2.0) lib/rails/rack/logger.rb:38:in `call_app'
railties (5.2.0) lib/rails/rack/logger.rb:26:in `block in call'
activesupport (5.2.0) lib/active_support/tagged_logging.rb:71:in `block in tagged'
activesupport (5.2.0) lib/active_support/tagged_logging.rb:28:in `tagged'
activesupport (5.2.0) lib/active_support/tagged_logging.rb:71:in `tagged'
railties (5.2.0) lib/rails/rack/logger.rb:26:in `call'
sprockets-rails (3.2.1) lib/sprockets/rails/quiet_assets.rb:11:in `block in call'
activesupport (5.2.0) lib/active_support/logger_silence.rb:21:in `silence'
activesupport (5.2.0) lib/active_support/logger.rb:65:in `block (3 levels) in broadcast'
activesupport (5.2.0) lib/active_support/logger_silence.rb:21:in `silence'
activesupport (5.2.0) lib/active_support/logger.rb:63:in `block (2 levels) in broadcast'
sprockets-rails (3.2.1) lib/sprockets/rails/quiet_assets.rb:11:in `call'
actionpack (5.2.0) lib/action_dispatch/middleware/remote_ip.rb:81:in `call'
actionpack (5.2.0) lib/action_dispatch/middleware/request_id.rb:27:in `call'
rack (2.0.5) lib/rack/method_override.rb:22:in `call'
rack (2.0.5) lib/rack/runtime.rb:22:in `call'
activesupport (5.2.0) lib/active_support/cache/strategy/local_cache_middleware.rb:29:in `call'
actionpack (5.2.0) lib/action_dispatch/middleware/executor.rb:14:in `call'
actionpack (5.2.0) lib/action_dispatch/middleware/static.rb:127:in `call'
rack (2.0.5) lib/rack/sendfile.rb:111:in `call'
railties (5.2.0) lib/rails/engine.rb:524:in `call'
puma (3.11.4) lib/puma/configuration.rb:225:in `call'
puma (3.11.4) lib/puma/server.rb:632:in `handle_request'
puma (3.11.4) lib/puma/server.rb:446:in `process_client'
puma (3.11.4) lib/puma/server.rb:306:in `block in run'
puma (3.11.4) lib/puma/thread_pool.rb:120:in `block in spawn_thread'
Started GET "/pokemons/new" for 127.0.0.1 at 2018-05-03 10:01:16 +1000
Processing by PokemonsController#new as HTML
  Rendering pokemons/new.html.erb within layouts/application
  Rendered pokemons/new.html.erb within layouts/application (0.3ms)
Completed 200 OK in 23ms (Views: 20.2ms | ActiveRecord: 0.0ms)


  
ActionController::RoutingError (No route matches [GET] "/assets/images/logo.png"):
  
actionpack (5.2.0) lib/action_dispatch/middleware/debug_exceptions.rb:65:in `call'
web-console (3.6.2) lib/web_console/middleware.rb:135:in `call_app'
web-console (3.6.2) lib/web_console/middleware.rb:30:in `block in call'
web-console (3.6.2) lib/web_console/middleware.rb:20:in `catch'
web-console (3.6.2) lib/web_console/middleware.rb:20:in `call'
actionpack (5.2.0) lib/action_dispatch/middleware/show_exceptions.rb:33:in `call'
railties (5.2.0) lib/rails/rack/logger.rb:38:in `call_app'
railties (5.2.0) lib/rails/rack/logger.rb:26:in `block in call'
activesupport (5.2.0) lib/active_support/tagged_logging.rb:71:in `block in tagged'
activesupport (5.2.0) lib/active_support/tagged_logging.rb:28:in `tagged'
activesupport (5.2.0) lib/active_support/tagged_logging.rb:71:in `tagged'
railties (5.2.0) lib/rails/rack/logger.rb:26:in `call'
sprockets-rails (3.2.1) lib/sprockets/rails/quiet_assets.rb:11:in `block in call'
activesupport (5.2.0) lib/active_support/logger_silence.rb:21:in `silence'
activesupport (5.2.0) lib/active_support/logger.rb:65:in `block (3 levels) in broadcast'
activesupport (5.2.0) lib/active_support/logger_silence.rb:21:in `silence'
activesupport (5.2.0) lib/active_support/logger.rb:63:in `block (2 levels) in broadcast'
sprockets-rails (3.2.1) lib/sprockets/rails/quiet_assets.rb:11:in `call'
actionpack (5.2.0) lib/action_dispatch/middleware/remote_ip.rb:81:in `call'
actionpack (5.2.0) lib/action_dispatch/middleware/request_id.rb:27:in `call'
rack (2.0.5) lib/rack/method_override.rb:22:in `call'
rack (2.0.5) lib/rack/runtime.rb:22:in `call'
activesupport (5.2.0) lib/active_support/cache/strategy/local_cache_middleware.rb:29:in `call'
actionpack (5.2.0) lib/action_dispatch/middleware/executor.rb:14:in `call'
actionpack (5.2.0) lib/action_dispatch/middleware/static.rb:127:in `call'
rack (2.0.5) lib/rack/sendfile.rb:111:in `call'
railties (5.2.0) lib/rails/engine.rb:524:in `call'
puma (3.11.4) lib/puma/configuration.rb:225:in `call'
puma (3.11.4) lib/puma/server.rb:632:in `handle_request'
puma (3.11.4) lib/puma/server.rb:446:in `process_client'
puma (3.11.4) lib/puma/server.rb:306:in `block in run'
puma (3.11.4) lib/puma/thread_pool.rb:120:in `block in spawn_thread'
Started GET "/pokemons/new" for 127.0.0.1 at 2018-05-03 10:01:29 +1000
Processing by PokemonsController#new as HTML
  Rendering pokemons/new.html.erb within layouts/application
  Rendered pokemons/new.html.erb within layouts/application (0.4ms)
Completed 200 OK in 24ms (Views: 19.9ms | ActiveRecord: 0.0ms)


  
ActionController::RoutingError (No route matches [GET] "/assets/images/logo.png"):
  
actionpack (5.2.0) lib/action_dispatch/middleware/debug_exceptions.rb:65:in `call'
web-console (3.6.2) lib/web_console/middleware.rb:135:in `call_app'
web-console (3.6.2) lib/web_console/middleware.rb:30:in `block in call'
web-console (3.6.2) lib/web_console/middleware.rb:20:in `catch'
web-console (3.6.2) lib/web_console/middleware.rb:20:in `call'
actionpack (5.2.0) lib/action_dispatch/middleware/show_exceptions.rb:33:in `call'
railties (5.2.0) lib/rails/rack/logger.rb:38:in `call_app'
railties (5.2.0) lib/rails/rack/logger.rb:26:in `block in call'
activesupport (5.2.0) lib/active_support/tagged_logging.rb:71:in `block in tagged'
activesupport (5.2.0) lib/active_support/tagged_logging.rb:28:in `tagged'
activesupport (5.2.0) lib/active_support/tagged_logging.rb:71:in `tagged'
railties (5.2.0) lib/rails/rack/logger.rb:26:in `call'
sprockets-rails (3.2.1) lib/sprockets/rails/quiet_assets.rb:11:in `block in call'
activesupport (5.2.0) lib/active_support/logger_silence.rb:21:in `silence'
activesupport (5.2.0) lib/active_support/logger.rb:65:in `block (3 levels) in broadcast'
activesupport (5.2.0) lib/active_support/logger_silence.rb:21:in `silence'
activesupport (5.2.0) lib/active_support/logger.rb:63:in `block (2 levels) in broadcast'
sprockets-rails (3.2.1) lib/sprockets/rails/quiet_assets.rb:11:in `call'
actionpack (5.2.0) lib/action_dispatch/middleware/remote_ip.rb:81:in `call'
actionpack (5.2.0) lib/action_dispatch/middleware/request_id.rb:27:in `call'
rack (2.0.5) lib/rack/method_override.rb:22:in `call'
rack (2.0.5) lib/rack/runtime.rb:22:in `call'
activesupport (5.2.0) lib/active_support/cache/strategy/local_cache_middleware.rb:29:in `call'
actionpack (5.2.0) lib/action_dispatch/middleware/executor.rb:14:in `call'
actionpack (5.2.0) lib/action_dispatch/middleware/static.rb:127:in `call'
rack (2.0.5) lib/rack/sendfile.rb:111:in `call'
railties (5.2.0) lib/rails/engine.rb:524:in `call'
puma (3.11.4) lib/puma/configuration.rb:225:in `call'
puma (3.11.4) lib/puma/server.rb:632:in `handle_request'
puma (3.11.4) lib/puma/server.rb:446:in `process_client'
puma (3.11.4) lib/puma/server.rb:306:in `block in run'
puma (3.11.4) lib/puma/thread_pool.rb:120:in `block in spawn_thread'
Started GET "/pokemons/new" for 127.0.0.1 at 2018-05-03 10:01:35 +1000
Processing by PokemonsController#new as HTML
  Rendering pokemons/new.html.erb within layouts/application
  Rendered pokemons/new.html.erb within layouts/application (4.5ms)
Completed 200 OK in 21ms (Views: 19.0ms | ActiveRecord: 0.0ms)


  
ActionController::RoutingError (No route matches [GET] "/assets/images/logo.png"):
  
actionpack (5.2.0) lib/action_dispatch/middleware/debug_exceptions.rb:65:in `call'
web-console (3.6.2) lib/web_console/middleware.rb:135:in `call_app'
web-console (3.6.2) lib/web_console/middleware.rb:30:in `block in call'
web-console (3.6.2) lib/web_console/middleware.rb:20:in `catch'
web-console (3.6.2) lib/web_console/middleware.rb:20:in `call'
actionpack (5.2.0) lib/action_dispatch/middleware/show_exceptions.rb:33:in `call'
railties (5.2.0) lib/rails/rack/logger.rb:38:in `call_app'
railties (5.2.0) lib/rails/rack/logger.rb:26:in `block in call'
activesupport (5.2.0) lib/active_support/tagged_logging.rb:71:in `block in tagged'
activesupport (5.2.0) lib/active_support/tagged_logging.rb:28:in `tagged'
activesupport (5.2.0) lib/active_support/tagged_logging.rb:71:in `tagged'
railties (5.2.0) lib/rails/rack/logger.rb:26:in `call'
sprockets-rails (3.2.1) lib/sprockets/rails/quiet_assets.rb:11:in `block in call'
activesupport (5.2.0) lib/active_support/logger_silence.rb:21:in `silence'
activesupport (5.2.0) lib/active_support/logger.rb:65:in `block (3 levels) in broadcast'
activesupport (5.2.0) lib/active_support/logger_silence.rb:21:in `silence'
activesupport (5.2.0) lib/active_support/logger.rb:63:in `block (2 levels) in broadcast'
sprockets-rails (3.2.1) lib/sprockets/rails/quiet_assets.rb:11:in `call'
actionpack (5.2.0) lib/action_dispatch/middleware/remote_ip.rb:81:in `call'
actionpack (5.2.0) lib/action_dispatch/middleware/request_id.rb:27:in `call'
rack (2.0.5) lib/rack/method_override.rb:22:in `call'
rack (2.0.5) lib/rack/runtime.rb:22:in `call'
activesupport (5.2.0) lib/active_support/cache/strategy/local_cache_middleware.rb:29:in `call'
actionpack (5.2.0) lib/action_dispatch/middleware/executor.rb:14:in `call'
actionpack (5.2.0) lib/action_dispatch/middleware/static.rb:127:in `call'
rack (2.0.5) lib/rack/sendfile.rb:111:in `call'
railties (5.2.0) lib/rails/engine.rb:524:in `call'
puma (3.11.4) lib/puma/configuration.rb:225:in `call'
puma (3.11.4) lib/puma/server.rb:632:in `handle_request'
puma (3.11.4) lib/puma/server.rb:446:in `process_client'
puma (3.11.4) lib/puma/server.rb:306:in `block in run'
puma (3.11.4) lib/puma/thread_pool.rb:120:in `block in spawn_thread'
Started GET "/pokemons/new" for 127.0.0.1 at 2018-05-03 10:02:10 +1000
Processing by PokemonsController#new as HTML
  Rendering pokemons/new.html.erb within layouts/application
  Rendered pokemons/new.html.erb within layouts/application (0.4ms)
Completed 200 OK in 18ms (Views: 15.5ms | ActiveRecord: 0.0ms)


Started GET "/pokemons" for 127.0.0.1 at 2018-05-03 10:02:19 +1000
Processing by PokemonsController#index as HTML
  Rendering pokemons/index.html.erb within layouts/application
  Rendered pokemons/index.html.erb within layouts/application (0.3ms)
Completed 200 OK in 19ms (Views: 16.5ms | ActiveRecord: 0.0ms)


Started GET "/pokemons" for 127.0.0.1 at 2018-05-03 10:07:35 +1000
Processing by PokemonsController#index as HTML
  Rendering pokemons/index.html.erb within layouts/application
  Rendered pokemons/index.html.erb within layouts/application (0.3ms)
Completed 200 OK in 27ms (Views: 24.9ms | ActiveRecord: 0.0ms)


Started GET "/pokemons" for 127.0.0.1 at 2018-05-03 10:07:36 +1000
Processing by PokemonsController#index as HTML
  Rendering pokemons/index.html.erb within layouts/application
  Rendered pokemons/index.html.erb within layouts/application (0.3ms)
Completed 200 OK in 19ms (Views: 16.0ms | ActiveRecord: 0.0ms)


Started GET "/pokemons" for 127.0.0.1 at 2018-05-03 10:08:12 +1000
Processing by PokemonsController#index as HTML
  Rendering pokemons/index.html.erb within layouts/application
  Rendered pokemons/index.html.erb within layouts/application (0.3ms)
Completed 200 OK in 22ms (Views: 20.1ms | ActiveRecord: 0.0ms)


Started GET "/pokemons" for 127.0.0.1 at 2018-05-03 10:08:51 +1000
Processing by PokemonsController#index as HTML
  Rendering pokemons/index.html.erb within layouts/application
  Rendered pokemons/index.html.erb within layouts/application (0.9ms)
Completed 200 OK in 25ms (Views: 22.6ms | ActiveRecord: 0.0ms)


Started GET "/pokemons/new" for 127.0.0.1 at 2018-05-03 10:08:52 +1000
Processing by PokemonsController#new as HTML
  Rendering pokemons/new.html.erb within layouts/application
  Rendered pokemons/new.html.erb within layouts/application (0.9ms)
Completed 200 OK in 33ms (Views: 30.5ms | ActiveRecord: 0.0ms)


Started GET "/pokemons" for 127.0.0.1 at 2018-05-03 10:08:53 +1000
Processing by PokemonsController#index as HTML
  Rendering pokemons/index.html.erb within layouts/application
  Rendered pokemons/index.html.erb within layouts/application (0.3ms)
Completed 200 OK in 23ms (Views: 19.1ms | ActiveRecord: 0.0ms)


Started GET "/pokemons/new" for 127.0.0.1 at 2018-05-03 10:08:54 +1000
Processing by PokemonsController#new as HTML
  Rendering pokemons/new.html.erb within layouts/application
  Rendered pokemons/new.html.erb within layouts/application (0.4ms)
Completed 200 OK in 27ms (Views: 22.6ms | ActiveRecord: 0.0ms)


Started GET "/pokemons" for 127.0.0.1 at 2018-05-03 10:09:04 +1000
Processing by PokemonsController#index as HTML
  Rendering pokemons/index.html.erb within layouts/application
  Rendered pokemons/index.html.erb within layouts/application (0.7ms)
Completed 200 OK in 25ms (Views: 21.7ms | ActiveRecord: 0.0ms)


Started GET "/pokemons" for 127.0.0.1 at 2018-05-03 10:15:20 +1000
Processing by PokemonsController#index as HTML
  Rendering pokemons/index.html.erb within layouts/application
  [1m[36mPokemon Load (0.7ms)[0m  [1m[34mSELECT "pokemons".* FROM "pokemons"[0m
  ↳ app/views/pokemons/index.html.erb:3
  Rendered pokemons/index.html.erb within layouts/application (6.1ms)
Completed 200 OK in 34ms (Views: 24.5ms | ActiveRecord: 4.2ms)


Started GET "/pokemons/new" for 127.0.0.1 at 2018-05-03 10:15:24 +1000
Processing by PokemonsController#new as HTML
  Rendering pokemons/new.html.erb within layouts/application
  Rendered pokemons/new.html.erb within layouts/application (0.3ms)
Completed 200 OK in 25ms (Views: 21.8ms | ActiveRecord: 0.0ms)


Started POST "/pokemons" for 127.0.0.1 at 2018-05-03 10:16:24 +1000
Processing by PokemonsController#create as HTML
  Parameters: {"authenticity_token"=>"0MOwxaYSAecSG2engRjIQcS8PrX74+o4LMUzpbcsdl+wuZ1BG8T6AeDIayPnRx2EUw/uHnOtMr0xY9eipBJmew==", "spicies"=>"Bulbasaur", "nickname"=>" Bulby", "level"=>"3"}
Completed 500 Internal Server Error in 18ms (ActiveRecord: 5.2ms)


  
NoMethodError (undefined method `spicies=' for #<Pokemon:0x007fa7ef0a5638>
Did you mean?  species=
               species):
  
app/controllers/pokemons_controller.rb:9:in `create'
Started GET "/pokemons" for 127.0.0.1 at 2018-05-03 10:17:33 +1000
Processing by PokemonsController#index as HTML
  Rendering pokemons/index.html.erb within layouts/application
  [1m[36mPokemon Load (0.3ms)[0m  [1m[34mSELECT "pokemons".* FROM "pokemons"[0m
  ↳ app/views/pokemons/index.html.erb:3
  Rendered pokemons/index.html.erb within layouts/application (4.0ms)
Completed 200 OK in 21ms (Views: 15.5ms | ActiveRecord: 2.5ms)


Started GET "/pokemons/new" for 127.0.0.1 at 2018-05-03 10:17:36 +1000
Processing by PokemonsController#new as HTML
  Rendering pokemons/new.html.erb within layouts/application
  Rendered pokemons/new.html.erb within layouts/application (0.5ms)
Completed 200 OK in 29ms (Views: 26.5ms | ActiveRecord: 0.0ms)


Started POST "/pokemons" for 127.0.0.1 at 2018-05-03 10:17:44 +1000
Processing by PokemonsController#create as HTML
  Parameters: {"authenticity_token"=>"zSeqjkGvBv0+sK1UhsVv1+BZCp1wTLC4KTGBeRy67DGtXYcK/Hn9G8xjodDgmroSd+raNvgCaD00l2V+D4T8FQ==", "spicies"=>"Bulbasaur", "nickname"=>"Bulby", "level"=>"3"}
  [1m[35m (0.2ms)[0m  [1m[35mBEGIN[0m
  ↳ app/controllers/pokemons_controller.rb:12
  [1m[36mPokemon Create (1.0ms)[0m  [1m[32mINSERT INTO "pokemons" ("nickname", "level", "created_at", "updated_at") VALUES ($1, $2, $3, $4) RETURNING "id"[0m  [["nickname", "Bulby"], ["level", 3], ["created_at", "2018-05-03 00:17:44.208752"], ["updated_at", "2018-05-03 00:17:44.208752"]]
  ↳ app/controllers/pokemons_controller.rb:12
  [1m[35m (5.5ms)[0m  [1m[35mCOMMIT[0m
  ↳ app/controllers/pokemons_controller.rb:12
Redirected to http://localhost:3000/pokemons
Completed 302 Found in 19ms (ActiveRecord: 10.4ms)


Started GET "/pokemons" for 127.0.0.1 at 2018-05-03 10:17:44 +1000
Processing by PokemonsController#index as HTML
  Rendering pokemons/index.html.erb within layouts/application
  [1m[36mPokemon Load (0.4ms)[0m  [1m[34mSELECT "pokemons".* FROM "pokemons"[0m
  ↳ app/views/pokemons/index.html.erb:3
  Rendered pokemons/index.html.erb within layouts/application (8.4ms)
Completed 500 Internal Server Error in 17ms (ActiveRecord: 0.4ms)


  
ActionView::Template::Error (undefined method `spicies' for #<Pokemon:0x007fa7f281a640>
Did you mean?  species
               species?
               species=):
    3: <%= @pokemons.each do |pokemon|%>
    4:   <div>
    5:     <div><%=  pokemon.id %></div>
    6:     <div><%= pokemon.spicies %></div>
    7:     <div><%= pokemon.nickname %></div>
    8:     <div><%= pokemon.level %></div>
    9:   </div>
  
app/views/pokemons/index.html.erb:6:in `block in _app_views_pokemons_index_html_erb___734857770591009598_70179622282540'
app/views/pokemons/index.html.erb:3:in `_app_views_pokemons_index_html_erb___734857770591009598_70179622282540'
Started GET "/pokemons" for 127.0.0.1 at 2018-05-03 10:18:06 +1000
Processing by PokemonsController#index as HTML
  Rendering pokemons/index.html.erb within layouts/application
  [1m[36mPokemon Load (0.3ms)[0m  [1m[34mSELECT "pokemons".* FROM "pokemons"[0m
  ↳ app/views/pokemons/index.html.erb:3
  Rendered pokemons/index.html.erb within layouts/application (1.4ms)
Completed 200 OK in 18ms (Views: 15.6ms | ActiveRecord: 0.3ms)


Started GET "/pokemons" for 127.0.0.1 at 2018-05-03 10:19:13 +1000
Processing by PokemonsController#index as HTML
  Rendering pokemons/index.html.erb within layouts/application
  [1m[36mPokemon Load (0.3ms)[0m  [1m[34mSELECT "pokemons".* FROM "pokemons"[0m
  ↳ app/views/pokemons/index.html.erb:3
  Rendered pokemons/index.html.erb within layouts/application (1.3ms)
Completed 200 OK in 18ms (Views: 15.5ms | ActiveRecord: 0.3ms)


Started GET "/pokemons" for 127.0.0.1 at 2018-05-03 10:19:53 +1000
Processing by PokemonsController#index as HTML
  Rendering pokemons/index.html.erb within layouts/application
  Rendered pokemons/index.html.erb within layouts/application (2.1ms)
Completed 500 Internal Server Error in 10ms (ActiveRecord: 0.0ms)


  
ActionView::Template::Error (poop):
    1: <a href="/pokemons/new">enter new pokemon</a>
    2: <% raise 'poop'%>
    3: <% @pokemons.each do |pokemon|%>
    4:   <div>
    5:     <div><%=  pokemon.id %></div>
  
app/views/pokemons/index.html.erb:2:in `_app_views_pokemons_index_html_erb___734857770591009598_70179624938940'
Started PUT "/__web_console/repl_sessions/29fab9fe734bd679cc269b04ae8337a2" for 127.0.0.1 at 2018-05-03 10:19:59 +1000
Started PUT "/__web_console/repl_sessions/29fab9fe734bd679cc269b04ae8337a2" for 127.0.0.1 at 2018-05-03 10:20:26 +1000
Started PUT "/__web_console/repl_sessions/29fab9fe734bd679cc269b04ae8337a2" for 127.0.0.1 at 2018-05-03 10:20:33 +1000
  [1m[36mPokemon Load (0.3ms)[0m  [1m[34mSELECT  "pokemons".* FROM "pokemons" WHERE "pokemons"."id" = $1 LIMIT $2[0m  [["id", 1], ["LIMIT", 1]]
  ↳ /Users/michael/.rvm/gems/ruby-2.4.1/gems/activerecord-5.2.0/lib/active_record/log_subscriber.rb:98
Started PUT "/__web_console/repl_sessions/29fab9fe734bd679cc269b04ae8337a2" for 127.0.0.1 at 2018-05-03 10:20:36 +1000
Started PUT "/__web_console/repl_sessions/29fab9fe734bd679cc269b04ae8337a2" for 127.0.0.1 at 2018-05-03 10:20:37 +1000
Started PUT "/__web_console/repl_sessions/29fab9fe734bd679cc269b04ae8337a2" for 127.0.0.1 at 2018-05-03 10:20:42 +1000
Started PUT "/__web_console/repl_sessions/29fab9fe734bd679cc269b04ae8337a2" for 127.0.0.1 at 2018-05-03 10:21:15 +1000
Started PUT "/__web_console/repl_sessions/29fab9fe734bd679cc269b04ae8337a2" for 127.0.0.1 at 2018-05-03 10:21:17 +1000
Started PUT "/__web_console/repl_sessions/29fab9fe734bd679cc269b04ae8337a2" for 127.0.0.1 at 2018-05-03 10:21:20 +1000
  [1m[35m (0.2ms)[0m  [1m[35mBEGIN[0m
  ↳ /Users/michael/.rvm/gems/ruby-2.4.1/gems/activerecord-5.2.0/lib/active_record/log_subscriber.rb:98
  [1m[36mPokemon Update (0.5ms)[0m  [1m[33mUPDATE "pokemons" SET "species" = $1, "updated_at" = $2 WHERE "pokemons"."id" = $3[0m  [["species", "Bulbasaur"], ["updated_at", "2018-05-03 00:21:20.924193"], ["id", 1]]
  ↳ /Users/michael/.rvm/gems/ruby-2.4.1/gems/activerecord-5.2.0/lib/active_record/log_subscriber.rb:98
  [1m[35m (5.8ms)[0m  [1m[35mCOMMIT[0m
  ↳ /Users/michael/.rvm/gems/ruby-2.4.1/gems/activerecord-5.2.0/lib/active_record/log_subscriber.rb:98
Started GET "/pokemons" for 127.0.0.1 at 2018-05-03 10:26:14 +1000
Processing by PokemonsController#index as HTML
  Rendering pokemons/index.html.erb within layouts/application
  [1m[36mPokemon Load (0.3ms)[0m  [1m[34mSELECT "pokemons".* FROM "pokemons"[0m
  ↳ app/views/pokemons/index.html.erb:3
  Rendered pokemons/index.html.erb within layouts/application (1.1ms)
Completed 200 OK in 22ms (Views: 19.3ms | ActiveRecord: 0.3ms)


Started GET "/pokemons/new" for 127.0.0.1 at 2018-05-03 10:26:23 +1000
Processing by PokemonsController#new as HTML
  Rendering pokemons/new.html.erb within layouts/application
  Rendered pokemons/new.html.erb within layouts/application (0.4ms)
Completed 200 OK in 25ms (Views: 22.6ms | ActiveRecord: 0.0ms)


Started POST "/pokemons" for 127.0.0.1 at 2018-05-03 10:26:53 +1000
Processing by PokemonsController#create as HTML
  Parameters: {"authenticity_token"=>"IKDsGWa5GfpSa+wkAWMZlY0RdhpzWbkge646jOYP+S1A2sGd22/iHKC44KBnPMxQGqKmsfsXYaVmCN6L9THpCQ==", "species"=>"Ivysaur", "nickname"=>"Whipper", "level"=>"15"}
  [1m[35m (0.2ms)[0m  [1m[35mBEGIN[0m
  ↳ app/controllers/pokemons_controller.rb:12
  [1m[36mPokemon Create (0.4ms)[0m  [1m[32mINSERT INTO "pokemons" ("species", "nickname", "level", "created_at", "updated_at") VALUES ($1, $2, $3, $4, $5) RETURNING "id"[0m  [["species", "Ivysaur"], ["nickname", "Whipper"], ["level", 15], ["created_at", "2018-05-03 00:26:53.208463"], ["updated_at", "2018-05-03 00:26:53.208463"]]
  ↳ app/controllers/pokemons_controller.rb:12
  [1m[35m (5.6ms)[0m  [1m[35mCOMMIT[0m
  ↳ app/controllers/pokemons_controller.rb:12
Redirected to http://localhost:3000/pokemons
Completed 302 Found in 9ms (ActiveRecord: 6.1ms)


Started GET "/pokemons" for 127.0.0.1 at 2018-05-03 10:26:53 +1000
Processing by PokemonsController#index as HTML
  Rendering pokemons/index.html.erb within layouts/application
  [1m[36mPokemon Load (0.5ms)[0m  [1m[34mSELECT "pokemons".* FROM "pokemons"[0m
  ↳ app/views/pokemons/index.html.erb:3
  Rendered pokemons/index.html.erb within layouts/application (1.5ms)
Completed 200 OK in 17ms (Views: 14.8ms | ActiveRecord: 0.5ms)


Started GET "/pokemons/new" for 127.0.0.1 at 2018-05-03 10:26:55 +1000
Processing by PokemonsController#new as HTML
  Rendering pokemons/new.html.erb within layouts/application
  Rendered pokemons/new.html.erb within layouts/application (0.5ms)
Completed 200 OK in 23ms (Views: 21.1ms | ActiveRecord: 0.0ms)


Started POST "/pokemons" for 127.0.0.1 at 2018-05-03 10:27:14 +1000
Processing by PokemonsController#create as HTML
  Parameters: {"authenticity_token"=>"qqQu22oHrNYh/eecNIVnm8CQw7JKxNco0YBEw8HESZPK3gNf19FXMNMu6xhS2rJeVyMTGcKKD63MJqDE0vpZtw==", "species"=>"Venusaur", "nickname"=>"Sleepy", "level"=>"47"}
  [1m[35m (0.2ms)[0m  [1m[35mBEGIN[0m
  ↳ app/controllers/pokemons_controller.rb:12
  [1m[36mPokemon Create (0.5ms)[0m  [1m[32mINSERT INTO "pokemons" ("species", "nickname", "level", "created_at", "updated_at") VALUES ($1, $2, $3, $4, $5) RETURNING "id"[0m  [["species", "Venusaur"], ["nickname", "Sleepy"], ["level", 47], ["created_at", "2018-05-03 00:27:14.821980"], ["updated_at", "2018-05-03 00:27:14.821980"]]
  ↳ app/controllers/pokemons_controller.rb:12
  [1m[35m (5.6ms)[0m  [1m[35mCOMMIT[0m
  ↳ app/controllers/pokemons_controller.rb:12
Redirected to http://localhost:3000/pokemons
Completed 302 Found in 10ms (ActiveRecord: 6.3ms)


Started GET "/pokemons" for 127.0.0.1 at 2018-05-03 10:27:14 +1000
Processing by PokemonsController#index as HTML
  Rendering pokemons/index.html.erb within layouts/application
  [1m[36mPokemon Load (0.3ms)[0m  [1m[34mSELECT "pokemons".* FROM "pokemons"[0m
  ↳ app/views/pokemons/index.html.erb:3
  Rendered pokemons/index.html.erb within layouts/application (1.4ms)
Completed 200 OK in 19ms (Views: 16.2ms | ActiveRecord: 0.3ms)


Started GET "/pokemons" for 127.0.0.1 at 2018-05-03 10:27:56 +1000
Processing by PokemonsController#index as HTML
  Rendering pokemons/index.html.erb within layouts/application
  [1m[36mPokemon Load (0.3ms)[0m  [1m[34mSELECT "pokemons".* FROM "pokemons"[0m
  ↳ app/views/pokemons/index.html.erb:3
  Rendered pokemons/index.html.erb within layouts/application (1.2ms)
Completed 200 OK in 22ms (Views: 19.7ms | ActiveRecord: 0.3ms)


Started GET "/pokemons" for 127.0.0.1 at 2018-05-03 10:30:44 +1000
Processing by PokemonsController#index as HTML
  Rendering pokemons/index.html.erb within layouts/application
  [1m[36mPokemon Load (0.3ms)[0m  [1m[34mSELECT "pokemons".* FROM "pokemons"[0m
  ↳ app/views/pokemons/index.html.erb:8
  Rendered pokemons/index.html.erb within layouts/application (1.1ms)
Completed 200 OK in 24ms (Views: 21.3ms | ActiveRecord: 0.3ms)


Started GET "/pokemons" for 127.0.0.1 at 2018-05-03 10:33:16 +1000
Processing by PokemonsController#index as HTML
  Rendering pokemons/index.html.erb within layouts/application
  [1m[36mPokemon Load (0.3ms)[0m  [1m[34mSELECT "pokemons".* FROM "pokemons"[0m
  ↳ app/views/pokemons/index.html.erb:8
  Rendered pokemons/index.html.erb within layouts/application (1.3ms)
Completed 200 OK in 22ms (Views: 19.5ms | ActiveRecord: 0.3ms)


Started GET "/pokemons" for 127.0.0.1 at 2018-05-03 10:33:41 +1000
Processing by PokemonsController#index as HTML
  Rendering pokemons/index.html.erb within layouts/application
  [1m[36mPokemon Load (0.3ms)[0m  [1m[34mSELECT "pokemons".* FROM "pokemons"[0m
  ↳ app/views/pokemons/index.html.erb:8
  Rendered pokemons/index.html.erb within layouts/application (1.3ms)
Completed 200 OK in 24ms (Views: 21.8ms | ActiveRecord: 0.3ms)


